  GraphicsEngine.pch.cpp
  DDSTextureLoader11.cpp
  ChangePipelineState.cpp
  UpdateFrameBuffer.cpp
  UpdateLightBuffer.cpp
  UpdateShadowBuffer.cpp
  GraphicsCommandBase.cpp
  GraphicsCommandList.cpp
  LambdaGraphicsCommand.cpp
  RenderAnimatedMesh.cpp
  RenderDebugLines.cpp
  RenderDebugMesh.cpp
  RenderMesh.cpp
  RenderSprite.cpp
  RenderSpritesheet.cpp
  ClearTextureResource.cpp
  SetTextureResource.cpp
  SetDefaultRenderTarget.cpp
  SetRenderTarget.cpp
  GraphicsEngine.cpp
  ConstantBuffer.cpp
  DebugLineVertex.cpp
  DynamicVertexBuffer.cpp
  Material.cpp
  Mesh.cpp
  PipelineStateObject.cpp
  Shader.cpp
  Sprite.cpp
  Spritesheet.cpp
  Texture.cpp
  Vertex.cpp
  RenderHardwareInterface.cpp
  GraphicsEngine.vcxproj -> C:\Users\Axel\Desktop\TGP\Lib\Debug\GraphicsEngine\GraphicsEngine_Debug.lib
