  Enginepch.cpp
  Application.cpp
  AudioEngine.cpp
  AudioInstance.cpp
  Component.cpp
  AudioSource.cpp
  AnimatedModel.cpp
  Camera.cpp
  DebugModel.cpp
  Model.cpp
  VFXModel.cpp
  AmbientLight.cpp
  DirectionalLight.cpp
  LightSource.cpp
  PointLight.cpp
  SpotLight.cpp
  FreecamController.cpp
  ObjectController.cpp
  Rotator.cpp
  Collider.cpp
  Transform.cpp
  GameObject.cpp
  GameObjectEvent.cpp
  Scene.cpp
  DebugDrawer.cpp
  Engine.cpp
  GlobalEventHandler.cpp
  ImGuiHandler.cpp
  ControllerInput.cpp
  InputHandler.cpp
  MKBInput.cpp
  SceneHandler.cpp
  SceneLoader.cpp
  Timer.cpp
  GameEngine.vcxproj -> C:\Users\Axel\Desktop\TGP\Lib\Debug\GameEngine\GameEngine_Debug.lib
