****************************************************************************************************
Logging has started at 2024-07-23 14:23:04.
****************************************************************************************************
[14:23:04][   LOG   ][ModelViewer] ModelViewer starting...
[14:23:04][   LOG   ][ModelViewer] Initializing Graphics Engine...
[14:23:04][   LOG   ][GraphicsEngine] Initializing Graphics Engine...
[14:23:04][   LOG   ][RHI] Initializing RHI...
[14:23:04][   LOG   ][RHI] Selected adapter is NVIDIA GeForce GTX 980 Ti
[14:23:04][   LOG   ][RHI]  * VRAM: 6085 MB
[14:23:04][   LOG   ][RHI] Created sampler state DefaultSS
[14:23:04][   LOG   ][RHI] Created sampler state ShadowSS
[14:23:04][   LOG   ][RHI] Created sampler state LutSS
[14:23:04][   LOG   ][RHI] RHI Initialized!
[14:23:04][   LOG   ][RHI] Created rasterizer state DebugPSO_Rasterizer
[14:23:04][   LOG   ][RHI] Created rasterizer state WireframePSO_Rasterizer
[14:23:04][   LOG   ][RHI] Successfully created LUT Texture LUT!
[14:23:04][   LOG   ][RHI] Created constant buffer FrameBuffer.
[14:23:04][   LOG   ][RHI] Created constant buffer ObjectBuffer.
[14:23:04][   LOG   ][RHI] Created constant buffer AnimationBuffer.
[14:23:04][   LOG   ][RHI] Created constant buffer MaterialBuffer.
[14:23:04][   LOG   ][RHI] Created constant buffer LightBuffer.
[14:23:04][   LOG   ][RHI] Created constant buffer ShadowBuffer.
[14:23:04][   LOG   ][RHI] Created constant buffer SpriteBuffer.
[14:23:04][   LOG   ][GraphicsEngine] Initialized Graphics Engine!
[14:23:04][   LOG   ][ModelViewer] Ready!
[14:23:04][   LOG   ][AssetManager] Initializing Asset Manager...
[14:23:04][   LOG   ][RHI] Succesfully loaded texture Default_C
[14:23:04][   LOG   ][AssetManager] Registered default texture asset Default_C
[14:23:04][   LOG   ][RHI] Succesfully loaded texture Default_N
[14:23:04][   LOG   ][AssetManager] Registered default texture asset Default_N
[14:23:04][   LOG   ][RHI] Succesfully loaded texture Default_M
[14:23:04][   LOG   ][AssetManager] Registered default texture asset Default_M
[14:23:04][   LOG   ][RHI] Succesfully loaded texture Default_FX
[14:23:04][   LOG   ][AssetManager] Registered default texture asset Default_FX
[14:23:04][   LOG   ][AssetManager] Registered material asset DefaultMaterial
[14:23:04][   LOG   ][AssetManager] Registered mesh asset PlanePrimitive
[14:23:04][   LOG   ][AssetManager] Registered mesh asset CubePrimitive
[14:23:04][   LOG   ][AssetManager] Registered mesh asset RampPrimitive
[14:23:04][   LOG   ][AssetManager] Registered mesh asset CameraGizmo.fbx
[14:23:04][   LOG   ][AssetManager] Registered mesh asset DirectionalLightGizmo.fbx
[14:23:04][   LOG   ][AssetManager] Registered mesh asset PointLightGizmo.fbx
[14:23:05][   LOG   ][AssetManager] Registered mesh asset SM_Color_Checker.fbx
[14:23:05][   LOG   ][AssetManager] Registered mesh asset SpotLightGizmo.fbx
[14:23:05][   LOG   ][RHI] Succesfully loaded texture T_Color_Checker_C.dds
[14:23:05][   LOG   ][AssetManager] Registered texture asset T_Color_Checker_C.dds
[14:23:05][   LOG   ][RHI] Succesfully loaded texture T_Color_Checker_M.dds
[14:23:05][   LOG   ][AssetManager] Registered texture asset T_Color_Checker_M.dds
[14:23:05][   LOG   ][RHI] Succesfully loaded texture T_Color_Checker_N.dds
[14:23:05][   LOG   ][AssetManager] Registered texture asset T_Color_Checker_N.dds
[14:23:05][   LOG   ][RHI] Succesfully loaded texture TestCube_C.dds
[14:23:05][   LOG   ][AssetManager] Registered texture asset TestCube_C.dds
[14:23:05][   LOG   ][RHI] Succesfully loaded texture TestCube_M.dds
[14:23:05][   LOG   ][AssetManager] Registered texture asset TestCube_M.dds
[14:23:05][   LOG   ][RHI] Succesfully loaded texture TestCube_N.dds
[14:23:05][   LOG   ][AssetManager] Registered texture asset TestCube_N.dds
[14:23:05][   LOG   ][RHI] Succesfully loaded texture Flat_Normal.dds
[14:23:05][   LOG   ][AssetManager] Registered texture asset Flat_Normal.dds
[14:23:05][   LOG   ][RHI] Succesfully loaded texture perlin.dds
[14:23:05][   LOG   ][AssetManager] Registered texture asset perlin.dds
[14:23:05][   LOG   ][AssetManager] Registered material asset ColorChecker.json
[14:23:05][   LOG   ][AssetManager] Registered material asset TestCube.json
[14:23:06][   LOG   ][AssetManager] Registered mesh asset SK_C_TGA_Bro.fbx
[14:23:06][   LOG   ][AssetManager] Registered mesh asset SM_Chest.fbx
[14:23:09][   LOG   ][AssetManager] Registered mesh asset TMA_Matball.fbx
[14:23:09][   LOG   ][AssetManager] Registered animation asset A_C_TGA_Bro_Idle_Brething.fbx
[14:23:10][   LOG   ][AssetManager] Registered animation asset A_C_TGA_Bro_Idle_Wave.fbx
[14:23:10][   LOG   ][AssetManager] Registered animation asset A_C_TGA_Bro_Run.fbx
[14:23:10][   LOG   ][AssetManager] Registered animation asset A_C_TGA_Bro_Walk.fbx
[14:23:10][   LOG   ][RHI] Succesfully loaded texture Chest_C.dds
[14:23:10][   LOG   ][AssetManager] Registered texture asset Chest_C.dds
[14:23:10][   LOG   ][RHI] Succesfully loaded texture Chest_FX.dds
[14:23:10][   LOG   ][AssetManager] Registered texture asset Chest_FX.dds
[14:23:10][   LOG   ][RHI] Succesfully loaded texture Chest_M.dds
[14:23:10][   LOG   ][AssetManager] Registered texture asset Chest_M.dds
[14:23:10][   LOG   ][RHI] Succesfully loaded texture Chest_N.dds
[14:23:10][   LOG   ][AssetManager] Registered texture asset Chest_N.dds
[14:23:10][   LOG   ][RHI] Succesfully loaded texture Skansen_Cube.dds
[14:23:10][   LOG   ][AssetManager] Registered texture asset Skansen_Cube.dds
[14:23:10][   LOG   ][RHI] Succesfully loaded texture Matball_One_c.dds
[14:23:10][   LOG   ][AssetManager] Registered texture asset Matball_One_c.dds
[14:23:10][   LOG   ][RHI] Succesfully loaded texture Matball_One_fx.dds
[14:23:10][   LOG   ][AssetManager] Registered texture asset Matball_One_fx.dds
[14:23:10][   LOG   ][RHI] Succesfully loaded texture Matball_One_m.dds
[14:23:10][   LOG   ][AssetManager] Registered texture asset Matball_One_m.dds
[14:23:10][   LOG   ][RHI] Succesfully loaded texture Matball_One_n.dds
[14:23:10][   LOG   ][AssetManager] Registered texture asset Matball_One_n.dds
[14:23:10][   LOG   ][RHI] Succesfully loaded texture Matball_Two_c.dds
[14:23:10][   LOG   ][AssetManager] Registered texture asset Matball_Two_c.dds
[14:23:10][   LOG   ][RHI] Succesfully loaded texture Matball_Two_fx.dds
[14:23:10][   LOG   ][AssetManager] Registered texture asset Matball_Two_fx.dds
[14:23:10][   LOG   ][RHI] Succesfully loaded texture Matball_Two_m.dds
[14:23:10][   LOG   ][AssetManager] Registered texture asset Matball_Two_m.dds
[14:23:10][   LOG   ][RHI] Succesfully loaded texture Matball_Two_n.dds
[14:23:10][   LOG   ][AssetManager] Registered texture asset Matball_Two_n.dds
[14:23:10][   LOG   ][RHI] Succesfully loaded texture TGA_Bro_C.dds
[14:23:10][   LOG   ][AssetManager] Registered texture asset TGA_Bro_C.dds
[14:23:10][   LOG   ][RHI] Succesfully loaded texture TGA_Bro_M.dds
[14:23:10][   LOG   ][AssetManager] Registered texture asset TGA_Bro_M.dds
[14:23:10][   LOG   ][RHI] Succesfully loaded texture TGA_Bro_N.dds
[14:23:10][   LOG   ][AssetManager] Registered texture asset TGA_Bro_N.dds
[14:23:10][   LOG   ][AssetManager] Registered material asset Chest.json
[14:23:10][   LOG   ][AssetManager] Registered material asset MatballOne.json
[14:23:10][   LOG   ][AssetManager] Registered material asset MatballTwo.json
[14:23:10][   LOG   ][AssetManager] Registered material asset TgaBro.json
[14:23:10][   LOG   ][AssetManager] Asset Manager Initialized! Root content directory set to 'C:\Users\Axel\Desktop\TGP\Assets\'.
[14:23:10][   LOG   ][AudioEngine] Successfully initialized fmod system
[14:23:10][   LOG   ][AudioEngine] Successfully loaded audio bank Master
[14:23:10][   LOG   ][AudioEngine] Successfully loaded audio bank Master.strings
[14:23:10][   LOG   ][AudioEngine] Successfully loaded audio bank Test
[14:23:10][   LOG   ][AudioEngine] Loaded Event Description TestEvent
[14:23:10][   LOG   ][AudioEngine] Successfully loaded all 1 events in audio bank Test
[14:23:10][   LOG   ][AudioEngine] Create event instance of TestEvent
[14:23:10][   LOG   ][RHI] Created Vertex Buffer Debug_Line_Buffer!
[14:23:18][   LOG   ][AudioEngine] Successfully released and deleted fmod system
